---------------------------------------------------------------

[2021-05-23T23:28:02+08:00] 127.0.0.1 GET admin.amzcount.com/admin/Log/getAmzList
[运行时间：0.884715s] [吞吐率：1.13req/s] [内存消耗：1,080.56kb] [文件加载：145]
[ info ] [ LANG ] D:\wamp64\www\amzcount\thinkphp\lang\zh-cn.php
[ info ] [ ROUTE ] array (
)
[ info ] [ HEADER ] array (
  'host' => 'admin.amzcount.com',
  'user-agent' => 'curl/7.55.1',
  'accept' => '*/*',
)
[ info ] [ PARAM ] array (
)
[ info ] [ DB ] INIT mysql
[ sql ] [ DB ] CONNECT:[ UseTime:0.000701s ] mysql:host=127.0.0.1;port=3306;dbname=amzcount;charset=utf8
[ sql ] [ SQL ] SHOW COLUMNS FROM `list` [ RunTime:0.000839s ]
[ sql ] [ SQL ] SELECT COUNT(*) AS tp_count FROM `list` WHERE  `update_time` = '2021-05-18' [ RunTime:0.016588s ]
[ sql ] [ SQL ] SHOW COLUMNS FROM `log` [ RunTime:0.001789s ]
[ sql ] [ SQL ] INSERT INTO `log` (`error_code` , `error_time` , `o_type` , `remark` , `is_success` , `data_count`) VALUES (200 , '2021-05-23 23:28:02' , 1 , '任务执行成功' , 1 , 0) [ RunTime:0.000364s ]
[ error ] [2]DOMDocument::loadHTML(): Tag header invalid in Entity, line: 65[D:\wamp64\www\amzcount\vendor\jaeger\phpquery-single\phpQuery.php:328]
[ error ] [2]DOMDocument::loadHTML(): Tag svg invalid in Entity, line: 667[D:\wamp64\www\amzcount\vendor\jaeger\phpquery-single\phpQuery.php:328]
[ error ] [2]DOMDocument::loadHTML(): Tag path invalid in Entity, line: 667[D:\wamp64\www\amzcount\vendor\jaeger\phpquery-single\phpQuery.php:328]
[ error ] [2]DOMDocument::loadHTML(): Tag path invalid in Entity, line: 667[D:\wamp64\www\amzcount\vendor\jaeger\phpquery-single\phpQuery.php:328]
[ error ] [2]DOMDocument::loadHTML(): Tag svg invalid in Entity, line: 689[D:\wamp64\www\amzcount\vendor\jaeger\phpquery-single\phpQuery.php:328]
[ error ] [2]DOMDocument::loadHTML(): Tag path invalid in Entity, line: 691[D:\wamp64\www\amzcount\vendor\jaeger\phpquery-single\phpQuery.php:328]
[ error ] [2]DOMDocument::loadHTML(): Tag path invalid in Entity, line: 693[D:\wamp64\www\amzcount\vendor\jaeger\phpquery-single\phpQuery.php:328]
[ error ] [2]DOMDocument::loadHTML(): Tag main invalid in Entity, line: 714[D:\wamp64\www\amzcount\vendor\jaeger\phpquery-single\phpQuery.php:328]
[ error ] [2]DOMDocument::loadHTML(): Unexpected end tag : div in Entity, line: 788[D:\wamp64\www\amzcount\vendor\jaeger\phpquery-single\phpQuery.php:328]
[ error ] [2]DOMDocument::loadHTML(): Tag main invalid in Entity, line: 790[D:\wamp64\www\amzcount\vendor\jaeger\phpquery-single\phpQuery.php:328]
[ error ] [2]DOMDocument::loadHTML(): htmlParseEntityRef: expecting ';' in Entity, line: 795[D:\wamp64\www\amzcount\vendor\jaeger\phpquery-single\phpQuery.php:328]
[ error ] [2]DOMDocument::loadHTML(): htmlParseEntityRef: expecting ';' in Entity, line: 796[D:\wamp64\www\amzcount\vendor\jaeger\phpquery-single\phpQuery.php:328]
[ error ] [2]DOMDocument::loadHTML(): htmlParseEntityRef: expecting ';' in Entity, line: 797[D:\wamp64\www\amzcount\vendor\jaeger\phpquery-single\phpQuery.php:328]
[ error ] [2]DOMDocument::loadHTML(): htmlParseEntityRef: expecting ';' in Entity, line: 798[D:\wamp64\www\amzcount\vendor\jaeger\phpquery-single\phpQuery.php:328]
[ error ] [2]DOMDocument::loadHTML(): htmlParseEntityRef: expecting ';' in Entity, line: 799[D:\wamp64\www\amzcount\vendor\jaeger\phpquery-single\phpQuery.php:328]
[ error ] [2]DOMDocument::loadHTML(): htmlParseEntityRef: expecting ';' in Entity, line: 806[D:\wamp64\www\amzcount\vendor\jaeger\phpquery-single\phpQuery.php:328]
[ error ] [2]DOMDocument::loadHTML(): htmlParseEntityRef: expecting ';' in Entity, line: 807[D:\wamp64\www\amzcount\vendor\jaeger\phpquery-single\phpQuery.php:328]
[ error ] [2]DOMDocument::loadHTML(): htmlParseEntityRef: expecting ';' in Entity, line: 808[D:\wamp64\www\amzcount\vendor\jaeger\phpquery-single\phpQuery.php:328]
[ error ] [2]DOMDocument::loadHTML(): htmlParseEntityRef: expecting ';' in Entity, line: 809[D:\wamp64\www\amzcount\vendor\jaeger\phpquery-single\phpQuery.php:328]
[ error ] [2]DOMDocument::loadHTML(): htmlParseEntityRef: expecting ';' in Entity, line: 810[D:\wamp64\www\amzcount\vendor\jaeger\phpquery-single\phpQuery.php:328]
[ error ] [2]DOMDocument::loadHTML(): htmlParseEntityRef: no name in Entity, line: 2641[D:\wamp64\www\amzcount\vendor\jaeger\phpquery-single\phpQuery.php:328]
[ error ] [2]DOMDocument::loadHTML(): htmlParseEntityRef: no name in Entity, line: 2642[D:\wamp64\www\amzcount\vendor\jaeger\phpquery-single\phpQuery.php:328]
[ error ] [2]DOMDocument::loadHTML(): Unexpected end tag : div in Entity, line: 5842[D:\wamp64\www\amzcount\vendor\jaeger\phpquery-single\phpQuery.php:328]
[ error ] [2]DOMDocument::loadHTML(): Tag nav invalid in Entity, line: 5843[D:\wamp64\www\amzcount\vendor\jaeger\phpquery-single\phpQuery.php:328]
[ error ] [2]DOMDocument::loadHTML(): htmlParseEntityRef: expecting ';' in Entity, line: 5844[D:\wamp64\www\amzcount\vendor\jaeger\phpquery-single\phpQuery.php:328]
[ error ] [2]DOMDocument::loadHTML(): htmlParseEntityRef: expecting ';' in Entity, line: 5844[D:\wamp64\www\amzcount\vendor\jaeger\phpquery-single\phpQuery.php:328]
[ error ] [2]DOMDocument::loadHTML(): htmlParseEntityRef: expecting ';' in Entity, line: 5844[D:\wamp64\www\amzcount\vendor\jaeger\phpquery-single\phpQuery.php:328]
[ error ] [2]DOMDocument::loadHTML(): Unexpected end tag : main in Entity, line: 5846[D:\wamp64\www\amzcount\vendor\jaeger\phpquery-single\phpQuery.php:328]
[ error ] [2]DOMDocument::loadHTML(): Unexpected end tag : div in Entity, line: 5851[D:\wamp64\www\amzcount\vendor\jaeger\phpquery-single\phpQuery.php:328]
[ error ] [2]DOMDocument::loadHTML(): Unexpected end tag : main in Entity, line: 5852[D:\wamp64\www\amzcount\vendor\jaeger\phpquery-single\phpQuery.php:328]
[ error ] [2]DOMDocument::loadHTML(): Tag footer invalid in Entity, line: 5861[D:\wamp64\www\amzcount\vendor\jaeger\phpquery-single\phpQuery.php:328]
[ error ] [2]DOMDocument::loadHTML(): htmlParseEntityRef: expecting ';' in Entity, line: 5885[D:\wamp64\www\amzcount\vendor\jaeger\phpquery-single\phpQuery.php:328]
[ error ] [2]DOMDocument::loadHTML(): Unexpected end tag : div in Entity, line: 5926[D:\wamp64\www\amzcount\vendor\jaeger\phpquery-single\phpQuery.php:328]
[ error ] [2]DOMDocument::loadHTML(): Unexpected end tag : span in Entity, line: 6447[D:\wamp64\www\amzcount\vendor\jaeger\phpquery-single\phpQuery.php:328]
[ error ] [2]DOMDocument::loadHTML(): Unexpected end tag : span in Entity, line: 6447[D:\wamp64\www\amzcount\vendor\jaeger\phpquery-single\phpQuery.php:328]
[ error ] [2]DOMDocument::loadHTML(): Unexpected end tag : span in Entity, line: 6447[D:\wamp64\www\amzcount\vendor\jaeger\phpquery-single\phpQuery.php:328]
[ error ] [2]DOMDocument::loadHTML(): Unexpected end tag : span in Entity, line: 6447[D:\wamp64\www\amzcount\vendor\jaeger\phpquery-single\phpQuery.php:328]
[ error ] [2]DOMDocument::loadHTML(): Unexpected end tag : span in Entity, line: 6447[D:\wamp64\www\amzcount\vendor\jaeger\phpquery-single\phpQuery.php:328]
[ error ] [2]DOMDocument::loadHTML(): Unexpected end tag : p in Entity, line: 6456[D:\wamp64\www\amzcount\vendor\jaeger\phpquery-single\phpQuery.php:328]
[ error ] [2]DOMDocument::loadHTML(): Unexpected end tag : div in Entity, line: 6539[D:\wamp64\www\amzcount\vendor\jaeger\phpquery-single\phpQuery.php:328]
[ error ] [2]DOMDocument::loadHTML(): Unexpected end tag : div in Entity, line: 6540[D:\wamp64\www\amzcount\vendor\jaeger\phpquery-single\phpQuery.php:328]
[ error ] [2]DOMDocument::loadHTML(): Unexpected end tag : div in Entity, line: 6541[D:\wamp64\www\amzcount\vendor\jaeger\phpquery-single\phpQuery.php:328]
[ error ] [2]DOMDocument::loadHTML(): Unexpected end tag : div in Entity, line: 6542[D:\wamp64\www\amzcount\vendor\jaeger\phpquery-single\phpQuery.php:328]
[ error ] [2]DOMDocument::loadHTML(): Unexpected end tag : div in Entity, line: 6543[D:\wamp64\www\amzcount\vendor\jaeger\phpquery-single\phpQuery.php:328]
[ error ] [2]DOMDocument::loadHTML(): Unexpected end tag : div in Entity, line: 6545[D:\wamp64\www\amzcount\vendor\jaeger\phpquery-single\phpQuery.php:328]
---------------------------------------------------------------

[2021-05-23T23:30:02+08:00] 127.0.0.1 GET admin.amzcount.com/admin/Log/getAmzList
[运行时间：0.932944s] [吞吐率：1.07req/s] [内存消耗：1,080.62kb] [文件加载：145]
[ info ] [ LANG ] D:\wamp64\www\amzcount\thinkphp\lang\zh-cn.php
[ info ] [ ROUTE ] array (
)
[ info ] [ HEADER ] array (
  'host' => 'admin.amzcount.com',
  'user-agent' => 'curl/7.55.1',
  'accept' => '*/*',
)
[ info ] [ PARAM ] array (
)
[ info ] [ DB ] INIT mysql
[ sql ] [ DB ] CONNECT:[ UseTime:0.000698s ] mysql:host=127.0.0.1;port=3306;dbname=amzcount;charset=utf8
[ sql ] [ SQL ] SHOW COLUMNS FROM `list` [ RunTime:0.000903s ]
[ sql ] [ SQL ] SELECT COUNT(*) AS tp_count FROM `list` WHERE  `update_time` = '2021-05-18' [ RunTime:0.016507s ]
[ sql ] [ SQL ] SHOW COLUMNS FROM `log` [ RunTime:0.001716s ]
[ sql ] [ SQL ] INSERT INTO `log` (`error_code` , `error_time` , `o_type` , `remark` , `is_success` , `data_count`) VALUES (200 , '2021-05-23 23:30:01' , 1 , '任务执行成功' , 1 , 0) [ RunTime:0.000375s ]
[ error ] [2]DOMDocument::loadHTML(): Tag header invalid in Entity, line: 65[D:\wamp64\www\amzcount\vendor\jaeger\phpquery-single\phpQuery.php:328]
[ error ] [2]DOMDocument::loadHTML(): Tag svg invalid in Entity, line: 667[D:\wamp64\www\amzcount\vendor\jaeger\phpquery-single\phpQuery.php:328]
[ error ] [2]DOMDocument::loadHTML(): Tag path invalid in Entity, line: 667[D:\wamp64\www\amzcount\vendor\jaeger\phpquery-single\phpQuery.php:328]
[ error ] [2]DOMDocument::loadHTML(): Tag path invalid in Entity, line: 667[D:\wamp64\www\amzcount\vendor\jaeger\phpquery-single\phpQuery.php:328]
[ error ] [2]DOMDocument::loadHTML(): Tag svg invalid in Entity, line: 689[D:\wamp64\www\amzcount\vendor\jaeger\phpquery-single\phpQuery.php:328]
[ error ] [2]DOMDocument::loadHTML(): Tag path invalid in Entity, line: 691[D:\wamp64\www\amzcount\vendor\jaeger\phpquery-single\phpQuery.php:328]
[ error ] [2]DOMDocument::loadHTML(): Tag path invalid in Entity, line: 693[D:\wamp64\www\amzcount\vendor\jaeger\phpquery-single\phpQuery.php:328]
[ error ] [2]DOMDocument::loadHTML(): Tag main invalid in Entity, line: 714[D:\wamp64\www\amzcount\vendor\jaeger\phpquery-single\phpQuery.php:328]
[ error ] [2]DOMDocument::loadHTML(): Unexpected end tag : div in Entity, line: 788[D:\wamp64\www\amzcount\vendor\jaeger\phpquery-single\phpQuery.php:328]
[ error ] [2]DOMDocument::loadHTML(): Tag main invalid in Entity, line: 790[D:\wamp64\www\amzcount\vendor\jaeger\phpquery-single\phpQuery.php:328]
[ error ] [2]DOMDocument::loadHTML(): htmlParseEntityRef: expecting ';' in Entity, line: 795[D:\wamp64\www\amzcount\vendor\jaeger\phpquery-single\phpQuery.php:328]
[ error ] [2]DOMDocument::loadHTML(): htmlParseEntityRef: expecting ';' in Entity, line: 796[D:\wamp64\www\amzcount\vendor\jaeger\phpquery-single\phpQuery.php:328]
[ error ] [2]DOMDocument::loadHTML(): htmlParseEntityRef: expecting ';' in Entity, line: 797[D:\wamp64\www\amzcount\vendor\jaeger\phpquery-single\phpQuery.php:328]
[ error ] [2]DOMDocument::loadHTML(): htmlParseEntityRef: expecting ';' in Entity, line: 798[D:\wamp64\www\amzcount\vendor\jaeger\phpquery-single\phpQuery.php:328]
[ error ] [2]DOMDocument::loadHTML(): htmlParseEntityRef: expecting ';' in Entity, line: 799[D:\wamp64\www\amzcount\vendor\jaeger\phpquery-single\phpQuery.php:328]
[ error ] [2]DOMDocument::loadHTML(): htmlParseEntityRef: expecting ';' in Entity, line: 806[D:\wamp64\www\amzcount\vendor\jaeger\phpquery-single\phpQuery.php:328]
[ error ] [2]DOMDocument::loadHTML(): htmlParseEntityRef: expecting ';' in Entity, line: 807[D:\wamp64\www\amzcount\vendor\jaeger\phpquery-single\phpQuery.php:328]
[ error ] [2]DOMDocument::loadHTML(): htmlParseEntityRef: expecting ';' in Entity, line: 808[D:\wamp64\www\amzcount\vendor\jaeger\phpquery-single\phpQuery.php:328]
[ error ] [2]DOMDocument::loadHTML(): htmlParseEntityRef: expecting ';' in Entity, line: 809[D:\wamp64\www\amzcount\vendor\jaeger\phpquery-single\phpQuery.php:328]
[ error ] [2]DOMDocument::loadHTML(): htmlParseEntityRef: expecting ';' in Entity, line: 810[D:\wamp64\www\amzcount\vendor\jaeger\phpquery-single\phpQuery.php:328]
[ error ] [2]DOMDocument::loadHTML(): htmlParseEntityRef: no name in Entity, line: 2641[D:\wamp64\www\amzcount\vendor\jaeger\phpquery-single\phpQuery.php:328]
[ error ] [2]DOMDocument::loadHTML(): htmlParseEntityRef: no name in Entity, line: 2642[D:\wamp64\www\amzcount\vendor\jaeger\phpquery-single\phpQuery.php:328]
[ error ] [2]DOMDocument::loadHTML(): Unexpected end tag : div in Entity, line: 5842[D:\wamp64\www\amzcount\vendor\jaeger\phpquery-single\phpQuery.php:328]
[ error ] [2]DOMDocument::loadHTML(): Tag nav invalid in Entity, line: 5843[D:\wamp64\www\amzcount\vendor\jaeger\phpquery-single\phpQuery.php:328]
[ error ] [2]DOMDocument::loadHTML(): htmlParseEntityRef: expecting ';' in Entity, line: 5844[D:\wamp64\www\amzcount\vendor\jaeger\phpquery-single\phpQuery.php:328]
[ error ] [2]DOMDocument::loadHTML(): htmlParseEntityRef: expecting ';' in Entity, line: 5844[D:\wamp64\www\amzcount\vendor\jaeger\phpquery-single\phpQuery.php:328]
[ error ] [2]DOMDocument::loadHTML(): htmlParseEntityRef: expecting ';' in Entity, line: 5844[D:\wamp64\www\amzcount\vendor\jaeger\phpquery-single\phpQuery.php:328]
[ error ] [2]DOMDocument::loadHTML(): Unexpected end tag : main in Entity, line: 5846[D:\wamp64\www\amzcount\vendor\jaeger\phpquery-single\phpQuery.php:328]
[ error ] [2]DOMDocument::loadHTML(): Unexpected end tag : div in Entity, line: 5851[D:\wamp64\www\amzcount\vendor\jaeger\phpquery-single\phpQuery.php:328]
[ error ] [2]DOMDocument::loadHTML(): Unexpected end tag : main in Entity, line: 5852[D:\wamp64\www\amzcount\vendor\jaeger\phpquery-single\phpQuery.php:328]
[ error ] [2]DOMDocument::loadHTML(): Tag footer invalid in Entity, line: 5861[D:\wamp64\www\amzcount\vendor\jaeger\phpquery-single\phpQuery.php:328]
[ error ] [2]DOMDocument::loadHTML(): htmlParseEntityRef: expecting ';' in Entity, line: 5885[D:\wamp64\www\amzcount\vendor\jaeger\phpquery-single\phpQuery.php:328]
[ error ] [2]DOMDocument::loadHTML(): Unexpected end tag : div in Entity, line: 5926[D:\wamp64\www\amzcount\vendor\jaeger\phpquery-single\phpQuery.php:328]
[ error ] [2]DOMDocument::loadHTML(): Unexpected end tag : span in Entity, line: 6447[D:\wamp64\www\amzcount\vendor\jaeger\phpquery-single\phpQuery.php:328]
[ error ] [2]DOMDocument::loadHTML(): Unexpected end tag : span in Entity, line: 6447[D:\wamp64\www\amzcount\vendor\jaeger\phpquery-single\phpQuery.php:328]
[ error ] [2]DOMDocument::loadHTML(): Unexpected end tag : span in Entity, line: 6447[D:\wamp64\www\amzcount\vendor\jaeger\phpquery-single\phpQuery.php:328]
[ error ] [2]DOMDocument::loadHTML(): Unexpected end tag : span in Entity, line: 6447[D:\wamp64\www\amzcount\vendor\jaeger\phpquery-single\phpQuery.php:328]
[ error ] [2]DOMDocument::loadHTML(): Unexpected end tag : span in Entity, line: 6447[D:\wamp64\www\amzcount\vendor\jaeger\phpquery-single\phpQuery.php:328]
[ error ] [2]DOMDocument::loadHTML(): Unexpected end tag : p in Entity, line: 6456[D:\wamp64\www\amzcount\vendor\jaeger\phpquery-single\phpQuery.php:328]
[ error ] [2]DOMDocument::loadHTML(): Unexpected end tag : div in Entity, line: 6539[D:\wamp64\www\amzcount\vendor\jaeger\phpquery-single\phpQuery.php:328]
[ error ] [2]DOMDocument::loadHTML(): Unexpected end tag : div in Entity, line: 6540[D:\wamp64\www\amzcount\vendor\jaeger\phpquery-single\phpQuery.php:328]
[ error ] [2]DOMDocument::loadHTML(): Unexpected end tag : div in Entity, line: 6541[D:\wamp64\www\amzcount\vendor\jaeger\phpquery-single\phpQuery.php:328]
[ error ] [2]DOMDocument::loadHTML(): Unexpected end tag : div in Entity, line: 6542[D:\wamp64\www\amzcount\vendor\jaeger\phpquery-single\phpQuery.php:328]
[ error ] [2]DOMDocument::loadHTML(): Unexpected end tag : div in Entity, line: 6543[D:\wamp64\www\amzcount\vendor\jaeger\phpquery-single\phpQuery.php:328]
[ error ] [2]DOMDocument::loadHTML(): Unexpected end tag : div in Entity, line: 6545[D:\wamp64\www\amzcount\vendor\jaeger\phpquery-single\phpQuery.php:328]
---------------------------------------------------------------

[2021-05-23T23:32:01+08:00] 127.0.0.1 GET admin.amzcount.com/admin/Log/getAmzList
[运行时间：0.863546s] [吞吐率：1.16req/s] [内存消耗：1,080.65kb] [文件加载：145]
[ info ] [ LANG ] D:\wamp64\www\amzcount\thinkphp\lang\zh-cn.php
[ info ] [ ROUTE ] array (
)
[ info ] [ HEADER ] array (
  'host' => 'admin.amzcount.com',
  'user-agent' => 'curl/7.55.1',
  'accept' => '*/*',
)
[ info ] [ PARAM ] array (
)
[ info ] [ DB ] INIT mysql
[ sql ] [ DB ] CONNECT:[ UseTime:0.000689s ] mysql:host=127.0.0.1;port=3306;dbname=amzcount;charset=utf8
[ sql ] [ SQL ] SHOW COLUMNS FROM `list` [ RunTime:0.001959s ]
[ sql ] [ SQL ] SELECT COUNT(*) AS tp_count FROM `list` WHERE  `update_time` = '2021-05-18' [ RunTime:0.016390s ]
[ sql ] [ SQL ] SHOW COLUMNS FROM `log` [ RunTime:0.001646s ]
[ sql ] [ SQL ] INSERT INTO `log` (`error_code` , `error_time` , `o_type` , `remark` , `is_success` , `data_count`) VALUES (200 , '2021-05-23 23:32:01' , 1 , '任务执行成功' , 1 , 0) [ RunTime:0.000417s ]
[ error ] [2]DOMDocument::loadHTML(): Tag header invalid in Entity, line: 65[D:\wamp64\www\amzcount\vendor\jaeger\phpquery-single\phpQuery.php:328]
[ error ] [2]DOMDocument::loadHTML(): Tag svg invalid in Entity, line: 667[D:\wamp64\www\amzcount\vendor\jaeger\phpquery-single\phpQuery.php:328]
[ error ] [2]DOMDocument::loadHTML(): Tag path invalid in Entity, line: 667[D:\wamp64\www\amzcount\vendor\jaeger\phpquery-single\phpQuery.php:328]
[ error ] [2]DOMDocument::loadHTML(): Tag path invalid in Entity, line: 667[D:\wamp64\www\amzcount\vendor\jaeger\phpquery-single\phpQuery.php:328]
[ error ] [2]DOMDocument::loadHTML(): Tag svg invalid in Entity, line: 689[D:\wamp64\www\amzcount\vendor\jaeger\phpquery-single\phpQuery.php:328]
[ error ] [2]DOMDocument::loadHTML(): Tag path invalid in Entity, line: 691[D:\wamp64\www\amzcount\vendor\jaeger\phpquery-single\phpQuery.php:328]
[ error ] [2]DOMDocument::loadHTML(): Tag path invalid in Entity, line: 693[D:\wamp64\www\amzcount\vendor\jaeger\phpquery-single\phpQuery.php:328]
[ error ] [2]DOMDocument::loadHTML(): Tag main invalid in Entity, line: 714[D:\wamp64\www\amzcount\vendor\jaeger\phpquery-single\phpQuery.php:328]
[ error ] [2]DOMDocument::loadHTML(): Unexpected end tag : div in Entity, line: 788[D:\wamp64\www\amzcount\vendor\jaeger\phpquery-single\phpQuery.php:328]
[ error ] [2]DOMDocument::loadHTML(): Tag main invalid in Entity, line: 790[D:\wamp64\www\amzcount\vendor\jaeger\phpquery-single\phpQuery.php:328]
[ error ] [2]DOMDocument::loadHTML(): htmlParseEntityRef: expecting ';' in Entity, line: 795[D:\wamp64\www\amzcount\vendor\jaeger\phpquery-single\phpQuery.php:328]
[ error ] [2]DOMDocument::loadHTML(): htmlParseEntityRef: expecting ';' in Entity, line: 796[D:\wamp64\www\amzcount\vendor\jaeger\phpquery-single\phpQuery.php:328]
[ error ] [2]DOMDocument::loadHTML(): htmlParseEntityRef: expecting ';' in Entity, line: 797[D:\wamp64\www\amzcount\vendor\jaeger\phpquery-single\phpQuery.php:328]
[ error ] [2]DOMDocument::loadHTML(): htmlParseEntityRef: expecting ';' in Entity, line: 798[D:\wamp64\www\amzcount\vendor\jaeger\phpquery-single\phpQuery.php:328]
[ error ] [2]DOMDocument::loadHTML(): htmlParseEntityRef: expecting ';' in Entity, line: 799[D:\wamp64\www\amzcount\vendor\jaeger\phpquery-single\phpQuery.php:328]
[ error ] [2]DOMDocument::loadHTML(): htmlParseEntityRef: expecting ';' in Entity, line: 806[D:\wamp64\www\amzcount\vendor\jaeger\phpquery-single\phpQuery.php:328]
[ error ] [2]DOMDocument::loadHTML(): htmlParseEntityRef: expecting ';' in Entity, line: 807[D:\wamp64\www\amzcount\vendor\jaeger\phpquery-single\phpQuery.php:328]
[ error ] [2]DOMDocument::loadHTML(): htmlParseEntityRef: expecting ';' in Entity, line: 808[D:\wamp64\www\amzcount\vendor\jaeger\phpquery-single\phpQuery.php:328]
[ error ] [2]DOMDocument::loadHTML(): htmlParseEntityRef: expecting ';' in Entity, line: 809[D:\wamp64\www\amzcount\vendor\jaeger\phpquery-single\phpQuery.php:328]
[ error ] [2]DOMDocument::loadHTML(): htmlParseEntityRef: expecting ';' in Entity, line: 810[D:\wamp64\www\amzcount\vendor\jaeger\phpquery-single\phpQuery.php:328]
[ error ] [2]DOMDocument::loadHTML(): htmlParseEntityRef: no name in Entity, line: 2641[D:\wamp64\www\amzcount\vendor\jaeger\phpquery-single\phpQuery.php:328]
[ error ] [2]DOMDocument::loadHTML(): htmlParseEntityRef: no name in Entity, line: 2642[D:\wamp64\www\amzcount\vendor\jaeger\phpquery-single\phpQuery.php:328]
[ error ] [2]DOMDocument::loadHTML(): Unexpected end tag : div in Entity, line: 5842[D:\wamp64\www\amzcount\vendor\jaeger\phpquery-single\phpQuery.php:328]
[ error ] [2]DOMDocument::loadHTML(): Tag nav invalid in Entity, line: 5843[D:\wamp64\www\amzcount\vendor\jaeger\phpquery-single\phpQuery.php:328]
[ error ] [2]DOMDocument::loadHTML(): htmlParseEntityRef: expecting ';' in Entity, line: 5844[D:\wamp64\www\amzcount\vendor\jaeger\phpquery-single\phpQuery.php:328]
[ error ] [2]DOMDocument::loadHTML(): htmlParseEntityRef: expecting ';' in Entity, line: 5844[D:\wamp64\www\amzcount\vendor\jaeger\phpquery-single\phpQuery.php:328]
[ error ] [2]DOMDocument::loadHTML(): htmlParseEntityRef: expecting ';' in Entity, line: 5844[D:\wamp64\www\amzcount\vendor\jaeger\phpquery-single\phpQuery.php:328]
[ error ] [2]DOMDocument::loadHTML(): Unexpected end tag : main in Entity, line: 5846[D:\wamp64\www\amzcount\vendor\jaeger\phpquery-single\phpQuery.php:328]
[ error ] [2]DOMDocument::loadHTML(): Unexpected end tag : div in Entity, line: 5851[D:\wamp64\www\amzcount\vendor\jaeger\phpquery-single\phpQuery.php:328]
[ error ] [2]DOMDocument::loadHTML(): Unexpected end tag : main in Entity, line: 5852[D:\wamp64\www\amzcount\vendor\jaeger\phpquery-single\phpQuery.php:328]
[ error ] [2]DOMDocument::loadHTML(): Tag footer invalid in Entity, line: 5861[D:\wamp64\www\amzcount\vendor\jaeger\phpquery-single\phpQuery.php:328]
[ error ] [2]DOMDocument::loadHTML(): htmlParseEntityRef: expecting ';' in Entity, line: 5885[D:\wamp64\www\amzcount\vendor\jaeger\phpquery-single\phpQuery.php:328]
[ error ] [2]DOMDocument::loadHTML(): Unexpected end tag : div in Entity, line: 5926[D:\wamp64\www\amzcount\vendor\jaeger\phpquery-single\phpQuery.php:328]
[ error ] [2]DOMDocument::loadHTML(): Unexpected end tag : span in Entity, line: 6447[D:\wamp64\www\amzcount\vendor\jaeger\phpquery-single\phpQuery.php:328]
[ error ] [2]DOMDocument::loadHTML(): Unexpected end tag : span in Entity, line: 6447[D:\wamp64\www\amzcount\vendor\jaeger\phpquery-single\phpQuery.php:328]
[ error ] [2]DOMDocument::loadHTML(): Unexpected end tag : span in Entity, line: 6447[D:\wamp64\www\amzcount\vendor\jaeger\phpquery-single\phpQuery.php:328]
[ error ] [2]DOMDocument::loadHTML(): Unexpected end tag : span in Entity, line: 6447[D:\wamp64\www\amzcount\vendor\jaeger\phpquery-single\phpQuery.php:328]
[ error ] [2]DOMDocument::loadHTML(): Unexpected end tag : span in Entity, line: 6447[D:\wamp64\www\amzcount\vendor\jaeger\phpquery-single\phpQuery.php:328]
[ error ] [2]DOMDocument::loadHTML(): Unexpected end tag : p in Entity, line: 6456[D:\wamp64\www\amzcount\vendor\jaeger\phpquery-single\phpQuery.php:328]
[ error ] [2]DOMDocument::loadHTML(): Unexpected end tag : div in Entity, line: 6539[D:\wamp64\www\amzcount\vendor\jaeger\phpquery-single\phpQuery.php:328]
[ error ] [2]DOMDocument::loadHTML(): Unexpected end tag : div in Entity, line: 6540[D:\wamp64\www\amzcount\vendor\jaeger\phpquery-single\phpQuery.php:328]
[ error ] [2]DOMDocument::loadHTML(): Unexpected end tag : div in Entity, line: 6541[D:\wamp64\www\amzcount\vendor\jaeger\phpquery-single\phpQuery.php:328]
[ error ] [2]DOMDocument::loadHTML(): Unexpected end tag : div in Entity, line: 6542[D:\wamp64\www\amzcount\vendor\jaeger\phpquery-single\phpQuery.php:328]
[ error ] [2]DOMDocument::loadHTML(): Unexpected end tag : div in Entity, line: 6543[D:\wamp64\www\amzcount\vendor\jaeger\phpquery-single\phpQuery.php:328]
[ error ] [2]DOMDocument::loadHTML(): Unexpected end tag : div in Entity, line: 6545[D:\wamp64\www\amzcount\vendor\jaeger\phpquery-single\phpQuery.php:328]
---------------------------------------------------------------

[2021-05-23T23:34:02+08:00] 127.0.0.1 GET admin.amzcount.com/admin/Log/getAmzList
[运行时间：0.889785s] [吞吐率：1.12req/s] [内存消耗：1,080.60kb] [文件加载：145]
[ info ] [ LANG ] D:\wamp64\www\amzcount\thinkphp\lang\zh-cn.php
[ info ] [ ROUTE ] array (
)
[ info ] [ HEADER ] array (
  'host' => 'admin.amzcount.com',
  'user-agent' => 'curl/7.55.1',
  'accept' => '*/*',
)
[ info ] [ PARAM ] array (
)
[ info ] [ DB ] INIT mysql
[ sql ] [ DB ] CONNECT:[ UseTime:0.000711s ] mysql:host=127.0.0.1;port=3306;dbname=amzcount;charset=utf8
[ sql ] [ SQL ] SHOW COLUMNS FROM `list` [ RunTime:0.000819s ]
[ sql ] [ SQL ] SELECT COUNT(*) AS tp_count FROM `list` WHERE  `update_time` = '2021-05-18' [ RunTime:0.016367s ]
[ sql ] [ SQL ] SHOW COLUMNS FROM `log` [ RunTime:0.001674s ]
[ sql ] [ SQL ] INSERT INTO `log` (`error_code` , `error_time` , `o_type` , `remark` , `is_success` , `data_count`) VALUES (200 , '2021-05-23 23:34:01' , 1 , '任务执行成功' , 1 , 0) [ RunTime:0.000357s ]
[ error ] [2]DOMDocument::loadHTML(): Tag header invalid in Entity, line: 65[D:\wamp64\www\amzcount\vendor\jaeger\phpquery-single\phpQuery.php:328]
[ error ] [2]DOMDocument::loadHTML(): Tag svg invalid in Entity, line: 667[D:\wamp64\www\amzcount\vendor\jaeger\phpquery-single\phpQuery.php:328]
[ error ] [2]DOMDocument::loadHTML(): Tag path invalid in Entity, line: 667[D:\wamp64\www\amzcount\vendor\jaeger\phpquery-single\phpQuery.php:328]
[ error ] [2]DOMDocument::loadHTML(): Tag path invalid in Entity, line: 667[D:\wamp64\www\amzcount\vendor\jaeger\phpquery-single\phpQuery.php:328]
[ error ] [2]DOMDocument::loadHTML(): Tag svg invalid in Entity, line: 689[D:\wamp64\www\amzcount\vendor\jaeger\phpquery-single\phpQuery.php:328]
[ error ] [2]DOMDocument::loadHTML(): Tag path invalid in Entity, line: 691[D:\wamp64\www\amzcount\vendor\jaeger\phpquery-single\phpQuery.php:328]
[ error ] [2]DOMDocument::loadHTML(): Tag path invalid in Entity, line: 693[D:\wamp64\www\amzcount\vendor\jaeger\phpquery-single\phpQuery.php:328]
[ error ] [2]DOMDocument::loadHTML(): Tag main invalid in Entity, line: 714[D:\wamp64\www\amzcount\vendor\jaeger\phpquery-single\phpQuery.php:328]
[ error ] [2]DOMDocument::loadHTML(): Unexpected end tag : div in Entity, line: 788[D:\wamp64\www\amzcount\vendor\jaeger\phpquery-single\phpQuery.php:328]
[ error ] [2]DOMDocument::loadHTML(): Tag main invalid in Entity, line: 790[D:\wamp64\www\amzcount\vendor\jaeger\phpquery-single\phpQuery.php:328]
[ error ] [2]DOMDocument::loadHTML(): htmlParseEntityRef: expecting ';' in Entity, line: 795[D:\wamp64\www\amzcount\vendor\jaeger\phpquery-single\phpQuery.php:328]
[ error ] [2]DOMDocument::loadHTML(): htmlParseEntityRef: expecting ';' in Entity, line: 796[D:\wamp64\www\amzcount\vendor\jaeger\phpquery-single\phpQuery.php:328]
[ error ] [2]DOMDocument::loadHTML(): htmlParseEntityRef: expecting ';' in Entity, line: 797[D:\wamp64\www\amzcount\vendor\jaeger\phpquery-single\phpQuery.php:328]
[ error ] [2]DOMDocument::loadHTML(): htmlParseEntityRef: expecting ';' in Entity, line: 798[D:\wamp64\www\amzcount\vendor\jaeger\phpquery-single\phpQuery.php:328]
[ error ] [2]DOMDocument::loadHTML(): htmlParseEntityRef: expecting ';' in Entity, line: 799[D:\wamp64\www\amzcount\vendor\jaeger\phpquery-single\phpQuery.php:328]
[ error ] [2]DOMDocument::loadHTML(): htmlParseEntityRef: expecting ';' in Entity, line: 806[D:\wamp64\www\amzcount\vendor\jaeger\phpquery-single\phpQuery.php:328]
[ error ] [2]DOMDocument::loadHTML(): htmlParseEntityRef: expecting ';' in Entity, line: 807[D:\wamp64\www\amzcount\vendor\jaeger\phpquery-single\phpQuery.php:328]
[ error ] [2]DOMDocument::loadHTML(): htmlParseEntityRef: expecting ';' in Entity, line: 808[D:\wamp64\www\amzcount\vendor\jaeger\phpquery-single\phpQuery.php:328]
[ error ] [2]DOMDocument::loadHTML(): htmlParseEntityRef: expecting ';' in Entity, line: 809[D:\wamp64\www\amzcount\vendor\jaeger\phpquery-single\phpQuery.php:328]
[ error ] [2]DOMDocument::loadHTML(): htmlParseEntityRef: expecting ';' in Entity, line: 810[D:\wamp64\www\amzcount\vendor\jaeger\phpquery-single\phpQuery.php:328]
[ error ] [2]DOMDocument::loadHTML(): htmlParseEntityRef: no name in Entity, line: 2641[D:\wamp64\www\amzcount\vendor\jaeger\phpquery-single\phpQuery.php:328]
[ error ] [2]DOMDocument::loadHTML(): htmlParseEntityRef: no name in Entity, line: 2642[D:\wamp64\www\amzcount\vendor\jaeger\phpquery-single\phpQuery.php:328]
[ error ] [2]DOMDocument::loadHTML(): Unexpected end tag : div in Entity, line: 5842[D:\wamp64\www\amzcount\vendor\jaeger\phpquery-single\phpQuery.php:328]
[ error ] [2]DOMDocument::loadHTML(): Tag nav invalid in Entity, line: 5843[D:\wamp64\www\amzcount\vendor\jaeger\phpquery-single\phpQuery.php:328]
[ error ] [2]DOMDocument::loadHTML(): htmlParseEntityRef: expecting ';' in Entity, line: 5844[D:\wamp64\www\amzcount\vendor\jaeger\phpquery-single\phpQuery.php:328]
[ error ] [2]DOMDocument::loadHTML(): htmlParseEntityRef: expecting ';' in Entity, line: 5844[D:\wamp64\www\amzcount\vendor\jaeger\phpquery-single\phpQuery.php:328]
[ error ] [2]DOMDocument::loadHTML(): htmlParseEntityRef: expecting ';' in Entity, line: 5844[D:\wamp64\www\amzcount\vendor\jaeger\phpquery-single\phpQuery.php:328]
[ error ] [2]DOMDocument::loadHTML(): Unexpected end tag : main in Entity, line: 5846[D:\wamp64\www\amzcount\vendor\jaeger\phpquery-single\phpQuery.php:328]
[ error ] [2]DOMDocument::loadHTML(): Unexpected end tag : div in Entity, line: 5851[D:\wamp64\www\amzcount\vendor\jaeger\phpquery-single\phpQuery.php:328]
[ error ] [2]DOMDocument::loadHTML(): Unexpected end tag : main in Entity, line: 5852[D:\wamp64\www\amzcount\vendor\jaeger\phpquery-single\phpQuery.php:328]
[ error ] [2]DOMDocument::loadHTML(): Tag footer invalid in Entity, line: 5861[D:\wamp64\www\amzcount\vendor\jaeger\phpquery-single\phpQuery.php:328]
[ error ] [2]DOMDocument::loadHTML(): htmlParseEntityRef: expecting ';' in Entity, line: 5885[D:\wamp64\www\amzcount\vendor\jaeger\phpquery-single\phpQuery.php:328]
[ error ] [2]DOMDocument::loadHTML(): Unexpected end tag : div in Entity, line: 5926[D:\wamp64\www\amzcount\vendor\jaeger\phpquery-single\phpQuery.php:328]
[ error ] [2]DOMDocument::loadHTML(): Unexpected end tag : span in Entity, line: 6447[D:\wamp64\www\amzcount\vendor\jaeger\phpquery-single\phpQuery.php:328]
[ error ] [2]DOMDocument::loadHTML(): Unexpected end tag : span in Entity, line: 6447[D:\wamp64\www\amzcount\vendor\jaeger\phpquery-single\phpQuery.php:328]
[ error ] [2]DOMDocument::loadHTML(): Unexpected end tag : span in Entity, line: 6447[D:\wamp64\www\amzcount\vendor\jaeger\phpquery-single\phpQuery.php:328]
[ error ] [2]DOMDocument::loadHTML(): Unexpected end tag : span in Entity, line: 6447[D:\wamp64\www\amzcount\vendor\jaeger\phpquery-single\phpQuery.php:328]
[ error ] [2]DOMDocument::loadHTML(): Unexpected end tag : span in Entity, line: 6447[D:\wamp64\www\amzcount\vendor\jaeger\phpquery-single\phpQuery.php:328]
[ error ] [2]DOMDocument::loadHTML(): Unexpected end tag : p in Entity, line: 6456[D:\wamp64\www\amzcount\vendor\jaeger\phpquery-single\phpQuery.php:328]
[ error ] [2]DOMDocument::loadHTML(): Unexpected end tag : div in Entity, line: 6539[D:\wamp64\www\amzcount\vendor\jaeger\phpquery-single\phpQuery.php:328]
[ error ] [2]DOMDocument::loadHTML(): Unexpected end tag : div in Entity, line: 6540[D:\wamp64\www\amzcount\vendor\jaeger\phpquery-single\phpQuery.php:328]
[ error ] [2]DOMDocument::loadHTML(): Unexpected end tag : div in Entity, line: 6541[D:\wamp64\www\amzcount\vendor\jaeger\phpquery-single\phpQuery.php:328]
[ error ] [2]DOMDocument::loadHTML(): Unexpected end tag : div in Entity, line: 6542[D:\wamp64\www\amzcount\vendor\jaeger\phpquery-single\phpQuery.php:328]
[ error ] [2]DOMDocument::loadHTML(): Unexpected end tag : div in Entity, line: 6543[D:\wamp64\www\amzcount\vendor\jaeger\phpquery-single\phpQuery.php:328]
[ error ] [2]DOMDocument::loadHTML(): Unexpected end tag : div in Entity, line: 6545[D:\wamp64\www\amzcount\vendor\jaeger\phpquery-single\phpQuery.php:328]
---------------------------------------------------------------

[2021-05-23T23:36:01+08:00] 127.0.0.1 GET admin.amzcount.com/admin/Log/getAmzList
[运行时间：0.564467s] [吞吐率：1.77req/s] [内存消耗：1,080.62kb] [文件加载：145]
[ info ] [ LANG ] D:\wamp64\www\amzcount\thinkphp\lang\zh-cn.php
[ info ] [ ROUTE ] array (
)
[ info ] [ HEADER ] array (
  'host' => 'admin.amzcount.com',
  'user-agent' => 'curl/7.55.1',
  'accept' => '*/*',
)
[ info ] [ PARAM ] array (
)
[ info ] [ DB ] INIT mysql
[ sql ] [ DB ] CONNECT:[ UseTime:0.000693s ] mysql:host=127.0.0.1;port=3306;dbname=amzcount;charset=utf8
[ sql ] [ SQL ] SHOW COLUMNS FROM `list` [ RunTime:0.001881s ]
[ sql ] [ SQL ] SELECT COUNT(*) AS tp_count FROM `list` WHERE  `update_time` = '2021-05-18' [ RunTime:0.016370s ]
[ sql ] [ SQL ] SHOW COLUMNS FROM `log` [ RunTime:0.001661s ]
[ sql ] [ SQL ] INSERT INTO `log` (`error_code` , `error_time` , `o_type` , `remark` , `is_success` , `data_count`) VALUES (200 , '2021-05-23 23:36:01' , 1 , '任务执行成功' , 1 , 0) [ RunTime:0.000397s ]
[ error ] [2]DOMDocument::loadHTML(): Tag header invalid in Entity, line: 65[D:\wamp64\www\amzcount\vendor\jaeger\phpquery-single\phpQuery.php:328]
[ error ] [2]DOMDocument::loadHTML(): Tag svg invalid in Entity, line: 667[D:\wamp64\www\amzcount\vendor\jaeger\phpquery-single\phpQuery.php:328]
[ error ] [2]DOMDocument::loadHTML(): Tag path invalid in Entity, line: 667[D:\wamp64\www\amzcount\vendor\jaeger\phpquery-single\phpQuery.php:328]
[ error ] [2]DOMDocument::loadHTML(): Tag path invalid in Entity, line: 667[D:\wamp64\www\amzcount\vendor\jaeger\phpquery-single\phpQuery.php:328]
[ error ] [2]DOMDocument::loadHTML(): Tag svg invalid in Entity, line: 689[D:\wamp64\www\amzcount\vendor\jaeger\phpquery-single\phpQuery.php:328]
[ error ] [2]DOMDocument::loadHTML(): Tag path invalid in Entity, line: 691[D:\wamp64\www\amzcount\vendor\jaeger\phpquery-single\phpQuery.php:328]
[ error ] [2]DOMDocument::loadHTML(): Tag path invalid in Entity, line: 693[D:\wamp64\www\amzcount\vendor\jaeger\phpquery-single\phpQuery.php:328]
[ error ] [2]DOMDocument::loadHTML(): Tag main invalid in Entity, line: 714[D:\wamp64\www\amzcount\vendor\jaeger\phpquery-single\phpQuery.php:328]
[ error ] [2]DOMDocument::loadHTML(): Unexpected end tag : div in Entity, line: 788[D:\wamp64\www\amzcount\vendor\jaeger\phpquery-single\phpQuery.php:328]
[ error ] [2]DOMDocument::loadHTML(): Tag main invalid in Entity, line: 790[D:\wamp64\www\amzcount\vendor\jaeger\phpquery-single\phpQuery.php:328]
[ error ] [2]DOMDocument::loadHTML(): htmlParseEntityRef: expecting ';' in Entity, line: 795[D:\wamp64\www\amzcount\vendor\jaeger\phpquery-single\phpQuery.php:328]
[ error ] [2]DOMDocument::loadHTML(): htmlParseEntityRef: expecting ';' in Entity, line: 796[D:\wamp64\www\amzcount\vendor\jaeger\phpquery-single\phpQuery.php:328]
[ error ] [2]DOMDocument::loadHTML(): htmlParseEntityRef: expecting ';' in Entity, line: 797[D:\wamp64\www\amzcount\vendor\jaeger\phpquery-single\phpQuery.php:328]
[ error ] [2]DOMDocument::loadHTML(): htmlParseEntityRef: expecting ';' in Entity, line: 798[D:\wamp64\www\amzcount\vendor\jaeger\phpquery-single\phpQuery.php:328]
[ error ] [2]DOMDocument::loadHTML(): htmlParseEntityRef: expecting ';' in Entity, line: 799[D:\wamp64\www\amzcount\vendor\jaeger\phpquery-single\phpQuery.php:328]
[ error ] [2]DOMDocument::loadHTML(): htmlParseEntityRef: expecting ';' in Entity, line: 806[D:\wamp64\www\amzcount\vendor\jaeger\phpquery-single\phpQuery.php:328]
[ error ] [2]DOMDocument::loadHTML(): htmlParseEntityRef: expecting ';' in Entity, line: 807[D:\wamp64\www\amzcount\vendor\jaeger\phpquery-single\phpQuery.php:328]
[ error ] [2]DOMDocument::loadHTML(): htmlParseEntityRef: expecting ';' in Entity, line: 808[D:\wamp64\www\amzcount\vendor\jaeger\phpquery-single\phpQuery.php:328]
[ error ] [2]DOMDocument::loadHTML(): htmlParseEntityRef: expecting ';' in Entity, line: 809[D:\wamp64\www\amzcount\vendor\jaeger\phpquery-single\phpQuery.php:328]
[ error ] [2]DOMDocument::loadHTML(): htmlParseEntityRef: expecting ';' in Entity, line: 810[D:\wamp64\www\amzcount\vendor\jaeger\phpquery-single\phpQuery.php:328]
[ error ] [2]DOMDocument::loadHTML(): htmlParseEntityRef: no name in Entity, line: 2641[D:\wamp64\www\amzcount\vendor\jaeger\phpquery-single\phpQuery.php:328]
[ error ] [2]DOMDocument::loadHTML(): htmlParseEntityRef: no name in Entity, line: 2642[D:\wamp64\www\amzcount\vendor\jaeger\phpquery-single\phpQuery.php:328]
[ error ] [2]DOMDocument::loadHTML(): Unexpected end tag : div in Entity, line: 5842[D:\wamp64\www\amzcount\vendor\jaeger\phpquery-single\phpQuery.php:328]
[ error ] [2]DOMDocument::loadHTML(): Tag nav invalid in Entity, line: 5843[D:\wamp64\www\amzcount\vendor\jaeger\phpquery-single\phpQuery.php:328]
[ error ] [2]DOMDocument::loadHTML(): htmlParseEntityRef: expecting ';' in Entity, line: 5844[D:\wamp64\www\amzcount\vendor\jaeger\phpquery-single\phpQuery.php:328]
[ error ] [2]DOMDocument::loadHTML(): htmlParseEntityRef: expecting ';' in Entity, line: 5844[D:\wamp64\www\amzcount\vendor\jaeger\phpquery-single\phpQuery.php:328]
[ error ] [2]DOMDocument::loadHTML(): htmlParseEntityRef: expecting ';' in Entity, line: 5844[D:\wamp64\www\amzcount\vendor\jaeger\phpquery-single\phpQuery.php:328]
[ error ] [2]DOMDocument::loadHTML(): Unexpected end tag : main in Entity, line: 5846[D:\wamp64\www\amzcount\vendor\jaeger\phpquery-single\phpQuery.php:328]
[ error ] [2]DOMDocument::loadHTML(): Unexpected end tag : div in Entity, line: 5851[D:\wamp64\www\amzcount\vendor\jaeger\phpquery-single\phpQuery.php:328]
[ error ] [2]DOMDocument::loadHTML(): Unexpected end tag : main in Entity, line: 5852[D:\wamp64\www\amzcount\vendor\jaeger\phpquery-single\phpQuery.php:328]
[ error ] [2]DOMDocument::loadHTML(): Tag footer invalid in Entity, line: 5861[D:\wamp64\www\amzcount\vendor\jaeger\phpquery-single\phpQuery.php:328]
[ error ] [2]DOMDocument::loadHTML(): htmlParseEntityRef: expecting ';' in Entity, line: 5885[D:\wamp64\www\amzcount\vendor\jaeger\phpquery-single\phpQuery.php:328]
[ error ] [2]DOMDocument::loadHTML(): Unexpected end tag : div in Entity, line: 5926[D:\wamp64\www\amzcount\vendor\jaeger\phpquery-single\phpQuery.php:328]
[ error ] [2]DOMDocument::loadHTML(): Unexpected end tag : span in Entity, line: 6447[D:\wamp64\www\amzcount\vendor\jaeger\phpquery-single\phpQuery.php:328]
[ error ] [2]DOMDocument::loadHTML(): Unexpected end tag : span in Entity, line: 6447[D:\wamp64\www\amzcount\vendor\jaeger\phpquery-single\phpQuery.php:328]
[ error ] [2]DOMDocument::loadHTML(): Unexpected end tag : span in Entity, line: 6447[D:\wamp64\www\amzcount\vendor\jaeger\phpquery-single\phpQuery.php:328]
[ error ] [2]DOMDocument::loadHTML(): Unexpected end tag : span in Entity, line: 6447[D:\wamp64\www\amzcount\vendor\jaeger\phpquery-single\phpQuery.php:328]
[ error ] [2]DOMDocument::loadHTML(): Unexpected end tag : span in Entity, line: 6447[D:\wamp64\www\amzcount\vendor\jaeger\phpquery-single\phpQuery.php:328]
[ error ] [2]DOMDocument::loadHTML(): Unexpected end tag : p in Entity, line: 6456[D:\wamp64\www\amzcount\vendor\jaeger\phpquery-single\phpQuery.php:328]
[ error ] [2]DOMDocument::loadHTML(): Unexpected end tag : div in Entity, line: 6539[D:\wamp64\www\amzcount\vendor\jaeger\phpquery-single\phpQuery.php:328]
[ error ] [2]DOMDocument::loadHTML(): Unexpected end tag : div in Entity, line: 6540[D:\wamp64\www\amzcount\vendor\jaeger\phpquery-single\phpQuery.php:328]
[ error ] [2]DOMDocument::loadHTML(): Unexpected end tag : div in Entity, line: 6541[D:\wamp64\www\amzcount\vendor\jaeger\phpquery-single\phpQuery.php:328]
[ error ] [2]DOMDocument::loadHTML(): Unexpected end tag : div in Entity, line: 6542[D:\wamp64\www\amzcount\vendor\jaeger\phpquery-single\phpQuery.php:328]
[ error ] [2]DOMDocument::loadHTML(): Unexpected end tag : div in Entity, line: 6543[D:\wamp64\www\amzcount\vendor\jaeger\phpquery-single\phpQuery.php:328]
[ error ] [2]DOMDocument::loadHTML(): Unexpected end tag : div in Entity, line: 6545[D:\wamp64\www\amzcount\vendor\jaeger\phpquery-single\phpQuery.php:328]
---------------------------------------------------------------

[2021-05-23T23:38:02+08:00] 127.0.0.1 GET admin.amzcount.com/admin/Log/getAmzList
[运行时间：0.890448s] [吞吐率：1.12req/s] [内存消耗：1,080.63kb] [文件加载：145]
[ info ] [ LANG ] D:\wamp64\www\amzcount\thinkphp\lang\zh-cn.php
[ info ] [ ROUTE ] array (
)
[ info ] [ HEADER ] array (
  'host' => 'admin.amzcount.com',
  'user-agent' => 'curl/7.55.1',
  'accept' => '*/*',
)
[ info ] [ PARAM ] array (
)
[ info ] [ DB ] INIT mysql
[ sql ] [ DB ] CONNECT:[ UseTime:0.000688s ] mysql:host=127.0.0.1;port=3306;dbname=amzcount;charset=utf8
[ sql ] [ SQL ] SHOW COLUMNS FROM `list` [ RunTime:0.000949s ]
[ sql ] [ SQL ] SELECT COUNT(*) AS tp_count FROM `list` WHERE  `update_time` = '2021-05-18' [ RunTime:0.016608s ]
[ sql ] [ SQL ] SHOW COLUMNS FROM `log` [ RunTime:0.001754s ]
[ sql ] [ SQL ] INSERT INTO `log` (`error_code` , `error_time` , `o_type` , `remark` , `is_success` , `data_count`) VALUES (200 , '2021-05-23 23:38:01' , 1 , '任务执行成功' , 1 , 0) [ RunTime:0.000354s ]
[ error ] [2]DOMDocument::loadHTML(): Tag header invalid in Entity, line: 65[D:\wamp64\www\amzcount\vendor\jaeger\phpquery-single\phpQuery.php:328]
[ error ] [2]DOMDocument::loadHTML(): Tag svg invalid in Entity, line: 667[D:\wamp64\www\amzcount\vendor\jaeger\phpquery-single\phpQuery.php:328]
[ error ] [2]DOMDocument::loadHTML(): Tag path invalid in Entity, line: 667[D:\wamp64\www\amzcount\vendor\jaeger\phpquery-single\phpQuery.php:328]
[ error ] [2]DOMDocument::loadHTML(): Tag path invalid in Entity, line: 667[D:\wamp64\www\amzcount\vendor\jaeger\phpquery-single\phpQuery.php:328]
[ error ] [2]DOMDocument::loadHTML(): Tag svg invalid in Entity, line: 689[D:\wamp64\www\amzcount\vendor\jaeger\phpquery-single\phpQuery.php:328]
[ error ] [2]DOMDocument::loadHTML(): Tag path invalid in Entity, line: 691[D:\wamp64\www\amzcount\vendor\jaeger\phpquery-single\phpQuery.php:328]
[ error ] [2]DOMDocument::loadHTML(): Tag path invalid in Entity, line: 693[D:\wamp64\www\amzcount\vendor\jaeger\phpquery-single\phpQuery.php:328]
[ error ] [2]DOMDocument::loadHTML(): Tag main invalid in Entity, line: 714[D:\wamp64\www\amzcount\vendor\jaeger\phpquery-single\phpQuery.php:328]
[ error ] [2]DOMDocument::loadHTML(): Unexpected end tag : div in Entity, line: 788[D:\wamp64\www\amzcount\vendor\jaeger\phpquery-single\phpQuery.php:328]
[ error ] [2]DOMDocument::loadHTML(): Tag main invalid in Entity, line: 790[D:\wamp64\www\amzcount\vendor\jaeger\phpquery-single\phpQuery.php:328]
[ error ] [2]DOMDocument::loadHTML(): htmlParseEntityRef: expecting ';' in Entity, line: 795[D:\wamp64\www\amzcount\vendor\jaeger\phpquery-single\phpQuery.php:328]
[ error ] [2]DOMDocument::loadHTML(): htmlParseEntityRef: expecting ';' in Entity, line: 796[D:\wamp64\www\amzcount\vendor\jaeger\phpquery-single\phpQuery.php:328]
[ error ] [2]DOMDocument::loadHTML(): htmlParseEntityRef: expecting ';' in Entity, line: 797[D:\wamp64\www\amzcount\vendor\jaeger\phpquery-single\phpQuery.php:328]
[ error ] [2]DOMDocument::loadHTML(): htmlParseEntityRef: expecting ';' in Entity, line: 798[D:\wamp64\www\amzcount\vendor\jaeger\phpquery-single\phpQuery.php:328]
[ error ] [2]DOMDocument::loadHTML(): htmlParseEntityRef: expecting ';' in Entity, line: 799[D:\wamp64\www\amzcount\vendor\jaeger\phpquery-single\phpQuery.php:328]
[ error ] [2]DOMDocument::loadHTML(): htmlParseEntityRef: expecting ';' in Entity, line: 806[D:\wamp64\www\amzcount\vendor\jaeger\phpquery-single\phpQuery.php:328]
[ error ] [2]DOMDocument::loadHTML(): htmlParseEntityRef: expecting ';' in Entity, line: 807[D:\wamp64\www\amzcount\vendor\jaeger\phpquery-single\phpQuery.php:328]
[ error ] [2]DOMDocument::loadHTML(): htmlParseEntityRef: expecting ';' in Entity, line: 808[D:\wamp64\www\amzcount\vendor\jaeger\phpquery-single\phpQuery.php:328]
[ error ] [2]DOMDocument::loadHTML(): htmlParseEntityRef: expecting ';' in Entity, line: 809[D:\wamp64\www\amzcount\vendor\jaeger\phpquery-single\phpQuery.php:328]
[ error ] [2]DOMDocument::loadHTML(): htmlParseEntityRef: expecting ';' in Entity, line: 810[D:\wamp64\www\amzcount\vendor\jaeger\phpquery-single\phpQuery.php:328]
[ error ] [2]DOMDocument::loadHTML(): htmlParseEntityRef: no name in Entity, line: 2641[D:\wamp64\www\amzcount\vendor\jaeger\phpquery-single\phpQuery.php:328]
[ error ] [2]DOMDocument::loadHTML(): htmlParseEntityRef: no name in Entity, line: 2642[D:\wamp64\www\amzcount\vendor\jaeger\phpquery-single\phpQuery.php:328]
[ error ] [2]DOMDocument::loadHTML(): Unexpected end tag : div in Entity, line: 5842[D:\wamp64\www\amzcount\vendor\jaeger\phpquery-single\phpQuery.php:328]
[ error ] [2]DOMDocument::loadHTML(): Tag nav invalid in Entity, line: 5843[D:\wamp64\www\amzcount\vendor\jaeger\phpquery-single\phpQuery.php:328]
[ error ] [2]DOMDocument::loadHTML(): htmlParseEntityRef: expecting ';' in Entity, line: 5844[D:\wamp64\www\amzcount\vendor\jaeger\phpquery-single\phpQuery.php:328]
[ error ] [2]DOMDocument::loadHTML(): htmlParseEntityRef: expecting ';' in Entity, line: 5844[D:\wamp64\www\amzcount\vendor\jaeger\phpquery-single\phpQuery.php:328]
[ error ] [2]DOMDocument::loadHTML(): htmlParseEntityRef: expecting ';' in Entity, line: 5844[D:\wamp64\www\amzcount\vendor\jaeger\phpquery-single\phpQuery.php:328]
[ error ] [2]DOMDocument::loadHTML(): Unexpected end tag : main in Entity, line: 5846[D:\wamp64\www\amzcount\vendor\jaeger\phpquery-single\phpQuery.php:328]
[ error ] [2]DOMDocument::loadHTML(): Unexpected end tag : div in Entity, line: 5851[D:\wamp64\www\amzcount\vendor\jaeger\phpquery-single\phpQuery.php:328]
[ error ] [2]DOMDocument::loadHTML(): Unexpected end tag : main in Entity, line: 5852[D:\wamp64\www\amzcount\vendor\jaeger\phpquery-single\phpQuery.php:328]
[ error ] [2]DOMDocument::loadHTML(): Tag footer invalid in Entity, line: 5861[D:\wamp64\www\amzcount\vendor\jaeger\phpquery-single\phpQuery.php:328]
[ error ] [2]DOMDocument::loadHTML(): htmlParseEntityRef: expecting ';' in Entity, line: 5885[D:\wamp64\www\amzcount\vendor\jaeger\phpquery-single\phpQuery.php:328]
[ error ] [2]DOMDocument::loadHTML(): Unexpected end tag : div in Entity, line: 5926[D:\wamp64\www\amzcount\vendor\jaeger\phpquery-single\phpQuery.php:328]
[ error ] [2]DOMDocument::loadHTML(): Unexpected end tag : span in Entity, line: 6447[D:\wamp64\www\amzcount\vendor\jaeger\phpquery-single\phpQuery.php:328]
[ error ] [2]DOMDocument::loadHTML(): Unexpected end tag : span in Entity, line: 6447[D:\wamp64\www\amzcount\vendor\jaeger\phpquery-single\phpQuery.php:328]
[ error ] [2]DOMDocument::loadHTML(): Unexpected end tag : span in Entity, line: 6447[D:\wamp64\www\amzcount\vendor\jaeger\phpquery-single\phpQuery.php:328]
[ error ] [2]DOMDocument::loadHTML(): Unexpected end tag : span in Entity, line: 6447[D:\wamp64\www\amzcount\vendor\jaeger\phpquery-single\phpQuery.php:328]
[ error ] [2]DOMDocument::loadHTML(): Unexpected end tag : span in Entity, line: 6447[D:\wamp64\www\amzcount\vendor\jaeger\phpquery-single\phpQuery.php:328]
[ error ] [2]DOMDocument::loadHTML(): Unexpected end tag : p in Entity, line: 6456[D:\wamp64\www\amzcount\vendor\jaeger\phpquery-single\phpQuery.php:328]
[ error ] [2]DOMDocument::loadHTML(): Unexpected end tag : div in Entity, line: 6539[D:\wamp64\www\amzcount\vendor\jaeger\phpquery-single\phpQuery.php:328]
[ error ] [2]DOMDocument::loadHTML(): Unexpected end tag : div in Entity, line: 6540[D:\wamp64\www\amzcount\vendor\jaeger\phpquery-single\phpQuery.php:328]
[ error ] [2]DOMDocument::loadHTML(): Unexpected end tag : div in Entity, line: 6541[D:\wamp64\www\amzcount\vendor\jaeger\phpquery-single\phpQuery.php:328]
[ error ] [2]DOMDocument::loadHTML(): Unexpected end tag : div in Entity, line: 6542[D:\wamp64\www\amzcount\vendor\jaeger\phpquery-single\phpQuery.php:328]
[ error ] [2]DOMDocument::loadHTML(): Unexpected end tag : div in Entity, line: 6543[D:\wamp64\www\amzcount\vendor\jaeger\phpquery-single\phpQuery.php:328]
[ error ] [2]DOMDocument::loadHTML(): Unexpected end tag : div in Entity, line: 6545[D:\wamp64\www\amzcount\vendor\jaeger\phpquery-single\phpQuery.php:328]
---------------------------------------------------------------

[2021-05-23T23:40:02+08:00] 127.0.0.1 GET admin.amzcount.com/admin/Log/getAmzList
[运行时间：0.867194s] [吞吐率：1.15req/s] [内存消耗：1,080.65kb] [文件加载：145]
[ info ] [ LANG ] D:\wamp64\www\amzcount\thinkphp\lang\zh-cn.php
[ info ] [ ROUTE ] array (
)
[ info ] [ HEADER ] array (
  'host' => 'admin.amzcount.com',
  'user-agent' => 'curl/7.55.1',
  'accept' => '*/*',
)
[ info ] [ PARAM ] array (
)
[ info ] [ DB ] INIT mysql
[ sql ] [ DB ] CONNECT:[ UseTime:0.000681s ] mysql:host=127.0.0.1;port=3306;dbname=amzcount;charset=utf8
[ sql ] [ SQL ] SHOW COLUMNS FROM `list` [ RunTime:0.000835s ]
[ sql ] [ SQL ] SELECT COUNT(*) AS tp_count FROM `list` WHERE  `update_time` = '2021-05-18' [ RunTime:0.016315s ]
[ sql ] [ SQL ] SHOW COLUMNS FROM `log` [ RunTime:0.001677s ]
[ sql ] [ SQL ] INSERT INTO `log` (`error_code` , `error_time` , `o_type` , `remark` , `is_success` , `data_count`) VALUES (200 , '2021-05-23 23:40:01' , 1 , '任务执行成功' , 1 , 0) [ RunTime:0.000364s ]
[ error ] [2]DOMDocument::loadHTML(): Tag header invalid in Entity, line: 65[D:\wamp64\www\amzcount\vendor\jaeger\phpquery-single\phpQuery.php:328]
[ error ] [2]DOMDocument::loadHTML(): Tag svg invalid in Entity, line: 667[D:\wamp64\www\amzcount\vendor\jaeger\phpquery-single\phpQuery.php:328]
[ error ] [2]DOMDocument::loadHTML(): Tag path invalid in Entity, line: 667[D:\wamp64\www\amzcount\vendor\jaeger\phpquery-single\phpQuery.php:328]
[ error ] [2]DOMDocument::loadHTML(): Tag path invalid in Entity, line: 667[D:\wamp64\www\amzcount\vendor\jaeger\phpquery-single\phpQuery.php:328]
[ error ] [2]DOMDocument::loadHTML(): Tag svg invalid in Entity, line: 689[D:\wamp64\www\amzcount\vendor\jaeger\phpquery-single\phpQuery.php:328]
[ error ] [2]DOMDocument::loadHTML(): Tag path invalid in Entity, line: 691[D:\wamp64\www\amzcount\vendor\jaeger\phpquery-single\phpQuery.php:328]
[ error ] [2]DOMDocument::loadHTML(): Tag path invalid in Entity, line: 693[D:\wamp64\www\amzcount\vendor\jaeger\phpquery-single\phpQuery.php:328]
[ error ] [2]DOMDocument::loadHTML(): Tag main invalid in Entity, line: 714[D:\wamp64\www\amzcount\vendor\jaeger\phpquery-single\phpQuery.php:328]
[ error ] [2]DOMDocument::loadHTML(): Unexpected end tag : div in Entity, line: 788[D:\wamp64\www\amzcount\vendor\jaeger\phpquery-single\phpQuery.php:328]
[ error ] [2]DOMDocument::loadHTML(): Tag main invalid in Entity, line: 790[D:\wamp64\www\amzcount\vendor\jaeger\phpquery-single\phpQuery.php:328]
[ error ] [2]DOMDocument::loadHTML(): htmlParseEntityRef: expecting ';' in Entity, line: 795[D:\wamp64\www\amzcount\vendor\jaeger\phpquery-single\phpQuery.php:328]
[ error ] [2]DOMDocument::loadHTML(): htmlParseEntityRef: expecting ';' in Entity, line: 796[D:\wamp64\www\amzcount\vendor\jaeger\phpquery-single\phpQuery.php:328]
[ error ] [2]DOMDocument::loadHTML(): htmlParseEntityRef: expecting ';' in Entity, line: 797[D:\wamp64\www\amzcount\vendor\jaeger\phpquery-single\phpQuery.php:328]
[ error ] [2]DOMDocument::loadHTML(): htmlParseEntityRef: expecting ';' in Entity, line: 798[D:\wamp64\www\amzcount\vendor\jaeger\phpquery-single\phpQuery.php:328]
[ error ] [2]DOMDocument::loadHTML(): htmlParseEntityRef: expecting ';' in Entity, line: 799[D:\wamp64\www\amzcount\vendor\jaeger\phpquery-single\phpQuery.php:328]
[ error ] [2]DOMDocument::loadHTML(): htmlParseEntityRef: expecting ';' in Entity, line: 806[D:\wamp64\www\amzcount\vendor\jaeger\phpquery-single\phpQuery.php:328]
[ error ] [2]DOMDocument::loadHTML(): htmlParseEntityRef: expecting ';' in Entity, line: 807[D:\wamp64\www\amzcount\vendor\jaeger\phpquery-single\phpQuery.php:328]
[ error ] [2]DOMDocument::loadHTML(): htmlParseEntityRef: expecting ';' in Entity, line: 808[D:\wamp64\www\amzcount\vendor\jaeger\phpquery-single\phpQuery.php:328]
[ error ] [2]DOMDocument::loadHTML(): htmlParseEntityRef: expecting ';' in Entity, line: 809[D:\wamp64\www\amzcount\vendor\jaeger\phpquery-single\phpQuery.php:328]
[ error ] [2]DOMDocument::loadHTML(): htmlParseEntityRef: expecting ';' in Entity, line: 810[D:\wamp64\www\amzcount\vendor\jaeger\phpquery-single\phpQuery.php:328]
[ error ] [2]DOMDocument::loadHTML(): htmlParseEntityRef: no name in Entity, line: 2641[D:\wamp64\www\amzcount\vendor\jaeger\phpquery-single\phpQuery.php:328]
[ error ] [2]DOMDocument::loadHTML(): htmlParseEntityRef: no name in Entity, line: 2642[D:\wamp64\www\amzcount\vendor\jaeger\phpquery-single\phpQuery.php:328]
[ error ] [2]DOMDocument::loadHTML(): Unexpected end tag : div in Entity, line: 5842[D:\wamp64\www\amzcount\vendor\jaeger\phpquery-single\phpQuery.php:328]
[ error ] [2]DOMDocument::loadHTML(): Tag nav invalid in Entity, line: 5843[D:\wamp64\www\amzcount\vendor\jaeger\phpquery-single\phpQuery.php:328]
[ error ] [2]DOMDocument::loadHTML(): htmlParseEntityRef: expecting ';' in Entity, line: 5844[D:\wamp64\www\amzcount\vendor\jaeger\phpquery-single\phpQuery.php:328]
[ error ] [2]DOMDocument::loadHTML(): htmlParseEntityRef: expecting ';' in Entity, line: 5844[D:\wamp64\www\amzcount\vendor\jaeger\phpquery-single\phpQuery.php:328]
[ error ] [2]DOMDocument::loadHTML(): htmlParseEntityRef: expecting ';' in Entity, line: 5844[D:\wamp64\www\amzcount\vendor\jaeger\phpquery-single\phpQuery.php:328]
[ error ] [2]DOMDocument::loadHTML(): Unexpected end tag : main in Entity, line: 5846[D:\wamp64\www\amzcount\vendor\jaeger\phpquery-single\phpQuery.php:328]
[ error ] [2]DOMDocument::loadHTML(): Unexpected end tag : div in Entity, line: 5851[D:\wamp64\www\amzcount\vendor\jaeger\phpquery-single\phpQuery.php:328]
[ error ] [2]DOMDocument::loadHTML(): Unexpected end tag : main in Entity, line: 5852[D:\wamp64\www\amzcount\vendor\jaeger\phpquery-single\phpQuery.php:328]
[ error ] [2]DOMDocument::loadHTML(): Tag footer invalid in Entity, line: 5861[D:\wamp64\www\amzcount\vendor\jaeger\phpquery-single\phpQuery.php:328]
[ error ] [2]DOMDocument::loadHTML(): htmlParseEntityRef: expecting ';' in Entity, line: 5885[D:\wamp64\www\amzcount\vendor\jaeger\phpquery-single\phpQuery.php:328]
[ error ] [2]DOMDocument::loadHTML(): Unexpected end tag : div in Entity, line: 5926[D:\wamp64\www\amzcount\vendor\jaeger\phpquery-single\phpQuery.php:328]
[ error ] [2]DOMDocument::loadHTML(): Unexpected end tag : span in Entity, line: 6447[D:\wamp64\www\amzcount\vendor\jaeger\phpquery-single\phpQuery.php:328]
[ error ] [2]DOMDocument::loadHTML(): Unexpected end tag : span in Entity, line: 6447[D:\wamp64\www\amzcount\vendor\jaeger\phpquery-single\phpQuery.php:328]
[ error ] [2]DOMDocument::loadHTML(): Unexpected end tag : span in Entity, line: 6447[D:\wamp64\www\amzcount\vendor\jaeger\phpquery-single\phpQuery.php:328]
[ error ] [2]DOMDocument::loadHTML(): Unexpected end tag : span in Entity, line: 6447[D:\wamp64\www\amzcount\vendor\jaeger\phpquery-single\phpQuery.php:328]
[ error ] [2]DOMDocument::loadHTML(): Unexpected end tag : span in Entity, line: 6447[D:\wamp64\www\amzcount\vendor\jaeger\phpquery-single\phpQuery.php:328]
[ error ] [2]DOMDocument::loadHTML(): Unexpected end tag : p in Entity, line: 6456[D:\wamp64\www\amzcount\vendor\jaeger\phpquery-single\phpQuery.php:328]
[ error ] [2]DOMDocument::loadHTML(): Unexpected end tag : div in Entity, line: 6539[D:\wamp64\www\amzcount\vendor\jaeger\phpquery-single\phpQuery.php:328]
[ error ] [2]DOMDocument::loadHTML(): Unexpected end tag : div in Entity, line: 6540[D:\wamp64\www\amzcount\vendor\jaeger\phpquery-single\phpQuery.php:328]
[ error ] [2]DOMDocument::loadHTML(): Unexpected end tag : div in Entity, line: 6541[D:\wamp64\www\amzcount\vendor\jaeger\phpquery-single\phpQuery.php:328]
[ error ] [2]DOMDocument::loadHTML(): Unexpected end tag : div in Entity, line: 6542[D:\wamp64\www\amzcount\vendor\jaeger\phpquery-single\phpQuery.php:328]
[ error ] [2]DOMDocument::loadHTML(): Unexpected end tag : div in Entity, line: 6543[D:\wamp64\www\amzcount\vendor\jaeger\phpquery-single\phpQuery.php:328]
[ error ] [2]DOMDocument::loadHTML(): Unexpected end tag : div in Entity, line: 6545[D:\wamp64\www\amzcount\vendor\jaeger\phpquery-single\phpQuery.php:328]
---------------------------------------------------------------

[2021-05-23T23:42:01+08:00] 127.0.0.1 GET admin.amzcount.com/admin/Log/getAmzList
[运行时间：0.672527s] [吞吐率：1.49req/s] [内存消耗：1,080.62kb] [文件加载：145]
[ info ] [ LANG ] D:\wamp64\www\amzcount\thinkphp\lang\zh-cn.php
[ info ] [ ROUTE ] array (
)
[ info ] [ HEADER ] array (
  'host' => 'admin.amzcount.com',
  'user-agent' => 'curl/7.55.1',
  'accept' => '*/*',
)
[ info ] [ PARAM ] array (
)
[ info ] [ DB ] INIT mysql
[ sql ] [ DB ] CONNECT:[ UseTime:0.000732s ] mysql:host=127.0.0.1;port=3306;dbname=amzcount;charset=utf8
[ sql ] [ SQL ] SHOW COLUMNS FROM `list` [ RunTime:0.000829s ]
[ sql ] [ SQL ] SELECT COUNT(*) AS tp_count FROM `list` WHERE  `update_time` = '2021-05-18' [ RunTime:0.016461s ]
[ sql ] [ SQL ] SHOW COLUMNS FROM `log` [ RunTime:0.001781s ]
[ sql ] [ SQL ] INSERT INTO `log` (`error_code` , `error_time` , `o_type` , `remark` , `is_success` , `data_count`) VALUES (200 , '2021-05-23 23:42:01' , 1 , '任务执行成功' , 1 , 0) [ RunTime:0.000403s ]
[ error ] [2]DOMDocument::loadHTML(): Tag header invalid in Entity, line: 65[D:\wamp64\www\amzcount\vendor\jaeger\phpquery-single\phpQuery.php:328]
[ error ] [2]DOMDocument::loadHTML(): Tag svg invalid in Entity, line: 667[D:\wamp64\www\amzcount\vendor\jaeger\phpquery-single\phpQuery.php:328]
[ error ] [2]DOMDocument::loadHTML(): Tag path invalid in Entity, line: 667[D:\wamp64\www\amzcount\vendor\jaeger\phpquery-single\phpQuery.php:328]
[ error ] [2]DOMDocument::loadHTML(): Tag path invalid in Entity, line: 667[D:\wamp64\www\amzcount\vendor\jaeger\phpquery-single\phpQuery.php:328]
[ error ] [2]DOMDocument::loadHTML(): Tag svg invalid in Entity, line: 689[D:\wamp64\www\amzcount\vendor\jaeger\phpquery-single\phpQuery.php:328]
[ error ] [2]DOMDocument::loadHTML(): Tag path invalid in Entity, line: 691[D:\wamp64\www\amzcount\vendor\jaeger\phpquery-single\phpQuery.php:328]
[ error ] [2]DOMDocument::loadHTML(): Tag path invalid in Entity, line: 693[D:\wamp64\www\amzcount\vendor\jaeger\phpquery-single\phpQuery.php:328]
[ error ] [2]DOMDocument::loadHTML(): Tag main invalid in Entity, line: 714[D:\wamp64\www\amzcount\vendor\jaeger\phpquery-single\phpQuery.php:328]
[ error ] [2]DOMDocument::loadHTML(): Unexpected end tag : div in Entity, line: 788[D:\wamp64\www\amzcount\vendor\jaeger\phpquery-single\phpQuery.php:328]
[ error ] [2]DOMDocument::loadHTML(): Tag main invalid in Entity, line: 790[D:\wamp64\www\amzcount\vendor\jaeger\phpquery-single\phpQuery.php:328]
[ error ] [2]DOMDocument::loadHTML(): htmlParseEntityRef: expecting ';' in Entity, line: 795[D:\wamp64\www\amzcount\vendor\jaeger\phpquery-single\phpQuery.php:328]
[ error ] [2]DOMDocument::loadHTML(): htmlParseEntityRef: expecting ';' in Entity, line: 796[D:\wamp64\www\amzcount\vendor\jaeger\phpquery-single\phpQuery.php:328]
[ error ] [2]DOMDocument::loadHTML(): htmlParseEntityRef: expecting ';' in Entity, line: 797[D:\wamp64\www\amzcount\vendor\jaeger\phpquery-single\phpQuery.php:328]
[ error ] [2]DOMDocument::loadHTML(): htmlParseEntityRef: expecting ';' in Entity, line: 798[D:\wamp64\www\amzcount\vendor\jaeger\phpquery-single\phpQuery.php:328]
[ error ] [2]DOMDocument::loadHTML(): htmlParseEntityRef: expecting ';' in Entity, line: 799[D:\wamp64\www\amzcount\vendor\jaeger\phpquery-single\phpQuery.php:328]
[ error ] [2]DOMDocument::loadHTML(): htmlParseEntityRef: expecting ';' in Entity, line: 806[D:\wamp64\www\amzcount\vendor\jaeger\phpquery-single\phpQuery.php:328]
[ error ] [2]DOMDocument::loadHTML(): htmlParseEntityRef: expecting ';' in Entity, line: 807[D:\wamp64\www\amzcount\vendor\jaeger\phpquery-single\phpQuery.php:328]
[ error ] [2]DOMDocument::loadHTML(): htmlParseEntityRef: expecting ';' in Entity, line: 808[D:\wamp64\www\amzcount\vendor\jaeger\phpquery-single\phpQuery.php:328]
[ error ] [2]DOMDocument::loadHTML(): htmlParseEntityRef: expecting ';' in Entity, line: 809[D:\wamp64\www\amzcount\vendor\jaeger\phpquery-single\phpQuery.php:328]
[ error ] [2]DOMDocument::loadHTML(): htmlParseEntityRef: expecting ';' in Entity, line: 810[D:\wamp64\www\amzcount\vendor\jaeger\phpquery-single\phpQuery.php:328]
[ error ] [2]DOMDocument::loadHTML(): htmlParseEntityRef: no name in Entity, line: 2641[D:\wamp64\www\amzcount\vendor\jaeger\phpquery-single\phpQuery.php:328]
[ error ] [2]DOMDocument::loadHTML(): htmlParseEntityRef: no name in Entity, line: 2642[D:\wamp64\www\amzcount\vendor\jaeger\phpquery-single\phpQuery.php:328]
[ error ] [2]DOMDocument::loadHTML(): Unexpected end tag : div in Entity, line: 5842[D:\wamp64\www\amzcount\vendor\jaeger\phpquery-single\phpQuery.php:328]
[ error ] [2]DOMDocument::loadHTML(): Tag nav invalid in Entity, line: 5843[D:\wamp64\www\amzcount\vendor\jaeger\phpquery-single\phpQuery.php:328]
[ error ] [2]DOMDocument::loadHTML(): htmlParseEntityRef: expecting ';' in Entity, line: 5844[D:\wamp64\www\amzcount\vendor\jaeger\phpquery-single\phpQuery.php:328]
[ error ] [2]DOMDocument::loadHTML(): htmlParseEntityRef: expecting ';' in Entity, line: 5844[D:\wamp64\www\amzcount\vendor\jaeger\phpquery-single\phpQuery.php:328]
[ error ] [2]DOMDocument::loadHTML(): htmlParseEntityRef: expecting ';' in Entity, line: 5844[D:\wamp64\www\amzcount\vendor\jaeger\phpquery-single\phpQuery.php:328]
[ error ] [2]DOMDocument::loadHTML(): Unexpected end tag : main in Entity, line: 5846[D:\wamp64\www\amzcount\vendor\jaeger\phpquery-single\phpQuery.php:328]
[ error ] [2]DOMDocument::loadHTML(): Unexpected end tag : div in Entity, line: 5851[D:\wamp64\www\amzcount\vendor\jaeger\phpquery-single\phpQuery.php:328]
[ error ] [2]DOMDocument::loadHTML(): Unexpected end tag : main in Entity, line: 5852[D:\wamp64\www\amzcount\vendor\jaeger\phpquery-single\phpQuery.php:328]
[ error ] [2]DOMDocument::loadHTML(): Tag footer invalid in Entity, line: 5861[D:\wamp64\www\amzcount\vendor\jaeger\phpquery-single\phpQuery.php:328]
[ error ] [2]DOMDocument::loadHTML(): htmlParseEntityRef: expecting ';' in Entity, line: 5885[D:\wamp64\www\amzcount\vendor\jaeger\phpquery-single\phpQuery.php:328]
[ error ] [2]DOMDocument::loadHTML(): Unexpected end tag : div in Entity, line: 5926[D:\wamp64\www\amzcount\vendor\jaeger\phpquery-single\phpQuery.php:328]
[ error ] [2]DOMDocument::loadHTML(): Unexpected end tag : span in Entity, line: 6447[D:\wamp64\www\amzcount\vendor\jaeger\phpquery-single\phpQuery.php:328]
[ error ] [2]DOMDocument::loadHTML(): Unexpected end tag : span in Entity, line: 6447[D:\wamp64\www\amzcount\vendor\jaeger\phpquery-single\phpQuery.php:328]
[ error ] [2]DOMDocument::loadHTML(): Unexpected end tag : span in Entity, line: 6447[D:\wamp64\www\amzcount\vendor\jaeger\phpquery-single\phpQuery.php:328]
[ error ] [2]DOMDocument::loadHTML(): Unexpected end tag : span in Entity, line: 6447[D:\wamp64\www\amzcount\vendor\jaeger\phpquery-single\phpQuery.php:328]
[ error ] [2]DOMDocument::loadHTML(): Unexpected end tag : span in Entity, line: 6447[D:\wamp64\www\amzcount\vendor\jaeger\phpquery-single\phpQuery.php:328]
[ error ] [2]DOMDocument::loadHTML(): Unexpected end tag : p in Entity, line: 6456[D:\wamp64\www\amzcount\vendor\jaeger\phpquery-single\phpQuery.php:328]
[ error ] [2]DOMDocument::loadHTML(): Unexpected end tag : div in Entity, line: 6539[D:\wamp64\www\amzcount\vendor\jaeger\phpquery-single\phpQuery.php:328]
[ error ] [2]DOMDocument::loadHTML(): Unexpected end tag : div in Entity, line: 6540[D:\wamp64\www\amzcount\vendor\jaeger\phpquery-single\phpQuery.php:328]
[ error ] [2]DOMDocument::loadHTML(): Unexpected end tag : div in Entity, line: 6541[D:\wamp64\www\amzcount\vendor\jaeger\phpquery-single\phpQuery.php:328]
[ error ] [2]DOMDocument::loadHTML(): Unexpected end tag : div in Entity, line: 6542[D:\wamp64\www\amzcount\vendor\jaeger\phpquery-single\phpQuery.php:328]
[ error ] [2]DOMDocument::loadHTML(): Unexpected end tag : div in Entity, line: 6543[D:\wamp64\www\amzcount\vendor\jaeger\phpquery-single\phpQuery.php:328]
[ error ] [2]DOMDocument::loadHTML(): Unexpected end tag : div in Entity, line: 6545[D:\wamp64\www\amzcount\vendor\jaeger\phpquery-single\phpQuery.php:328]
---------------------------------------------------------------

[2021-05-23T23:46:02+08:00] 127.0.0.1 GET admin.amzcount.com/admin/Log/getAmzList
[运行时间：0.935533s] [吞吐率：1.07req/s] [内存消耗：1,080.65kb] [文件加载：145]
[ info ] [ LANG ] D:\wamp64\www\amzcount\thinkphp\lang\zh-cn.php
[ info ] [ ROUTE ] array (
)
[ info ] [ HEADER ] array (
  'host' => 'admin.amzcount.com',
  'user-agent' => 'curl/7.55.1',
  'accept' => '*/*',
)
[ info ] [ PARAM ] array (
)
[ info ] [ DB ] INIT mysql
[ sql ] [ DB ] CONNECT:[ UseTime:0.000698s ] mysql:host=127.0.0.1;port=3306;dbname=amzcount;charset=utf8
[ sql ] [ SQL ] SHOW COLUMNS FROM `list` [ RunTime:0.000844s ]
[ sql ] [ SQL ] SELECT COUNT(*) AS tp_count FROM `list` WHERE  `update_time` = '2021-05-18' [ RunTime:0.016497s ]
[ sql ] [ SQL ] SHOW COLUMNS FROM `log` [ RunTime:0.000655s ]
[ sql ] [ SQL ] INSERT INTO `log` (`error_code` , `error_time` , `o_type` , `remark` , `is_success` , `data_count`) VALUES (200 , '2021-05-23 23:46:01' , 1 , '任务执行成功' , 1 , 0) [ RunTime:0.000347s ]
[ error ] [2]DOMDocument::loadHTML(): Tag header invalid in Entity, line: 65[D:\wamp64\www\amzcount\vendor\jaeger\phpquery-single\phpQuery.php:328]
[ error ] [2]DOMDocument::loadHTML(): Tag svg invalid in Entity, line: 667[D:\wamp64\www\amzcount\vendor\jaeger\phpquery-single\phpQuery.php:328]
[ error ] [2]DOMDocument::loadHTML(): Tag path invalid in Entity, line: 667[D:\wamp64\www\amzcount\vendor\jaeger\phpquery-single\phpQuery.php:328]
[ error ] [2]DOMDocument::loadHTML(): Tag path invalid in Entity, line: 667[D:\wamp64\www\amzcount\vendor\jaeger\phpquery-single\phpQuery.php:328]
[ error ] [2]DOMDocument::loadHTML(): Tag svg invalid in Entity, line: 689[D:\wamp64\www\amzcount\vendor\jaeger\phpquery-single\phpQuery.php:328]
[ error ] [2]DOMDocument::loadHTML(): Tag path invalid in Entity, line: 691[D:\wamp64\www\amzcount\vendor\jaeger\phpquery-single\phpQuery.php:328]
[ error ] [2]DOMDocument::loadHTML(): Tag path invalid in Entity, line: 693[D:\wamp64\www\amzcount\vendor\jaeger\phpquery-single\phpQuery.php:328]
[ error ] [2]DOMDocument::loadHTML(): Tag main invalid in Entity, line: 714[D:\wamp64\www\amzcount\vendor\jaeger\phpquery-single\phpQuery.php:328]
[ error ] [2]DOMDocument::loadHTML(): Unexpected end tag : div in Entity, line: 788[D:\wamp64\www\amzcount\vendor\jaeger\phpquery-single\phpQuery.php:328]
[ error ] [2]DOMDocument::loadHTML(): Tag main invalid in Entity, line: 790[D:\wamp64\www\amzcount\vendor\jaeger\phpquery-single\phpQuery.php:328]
[ error ] [2]DOMDocument::loadHTML(): htmlParseEntityRef: expecting ';' in Entity, line: 795[D:\wamp64\www\amzcount\vendor\jaeger\phpquery-single\phpQuery.php:328]
[ error ] [2]DOMDocument::loadHTML(): htmlParseEntityRef: expecting ';' in Entity, line: 796[D:\wamp64\www\amzcount\vendor\jaeger\phpquery-single\phpQuery.php:328]
[ error ] [2]DOMDocument::loadHTML(): htmlParseEntityRef: expecting ';' in Entity, line: 797[D:\wamp64\www\amzcount\vendor\jaeger\phpquery-single\phpQuery.php:328]
[ error ] [2]DOMDocument::loadHTML(): htmlParseEntityRef: expecting ';' in Entity, line: 798[D:\wamp64\www\amzcount\vendor\jaeger\phpquery-single\phpQuery.php:328]
[ error ] [2]DOMDocument::loadHTML(): htmlParseEntityRef: expecting ';' in Entity, line: 799[D:\wamp64\www\amzcount\vendor\jaeger\phpquery-single\phpQuery.php:328]
[ error ] [2]DOMDocument::loadHTML(): htmlParseEntityRef: expecting ';' in Entity, line: 806[D:\wamp64\www\amzcount\vendor\jaeger\phpquery-single\phpQuery.php:328]
[ error ] [2]DOMDocument::loadHTML(): htmlParseEntityRef: expecting ';' in Entity, line: 807[D:\wamp64\www\amzcount\vendor\jaeger\phpquery-single\phpQuery.php:328]
[ error ] [2]DOMDocument::loadHTML(): htmlParseEntityRef: expecting ';' in Entity, line: 808[D:\wamp64\www\amzcount\vendor\jaeger\phpquery-single\phpQuery.php:328]
[ error ] [2]DOMDocument::loadHTML(): htmlParseEntityRef: expecting ';' in Entity, line: 809[D:\wamp64\www\amzcount\vendor\jaeger\phpquery-single\phpQuery.php:328]
[ error ] [2]DOMDocument::loadHTML(): htmlParseEntityRef: expecting ';' in Entity, line: 810[D:\wamp64\www\amzcount\vendor\jaeger\phpquery-single\phpQuery.php:328]
[ error ] [2]DOMDocument::loadHTML(): htmlParseEntityRef: no name in Entity, line: 2641[D:\wamp64\www\amzcount\vendor\jaeger\phpquery-single\phpQuery.php:328]
[ error ] [2]DOMDocument::loadHTML(): htmlParseEntityRef: no name in Entity, line: 2642[D:\wamp64\www\amzcount\vendor\jaeger\phpquery-single\phpQuery.php:328]
[ error ] [2]DOMDocument::loadHTML(): Unexpected end tag : div in Entity, line: 5842[D:\wamp64\www\amzcount\vendor\jaeger\phpquery-single\phpQuery.php:328]
[ error ] [2]DOMDocument::loadHTML(): Tag nav invalid in Entity, line: 5843[D:\wamp64\www\amzcount\vendor\jaeger\phpquery-single\phpQuery.php:328]
[ error ] [2]DOMDocument::loadHTML(): htmlParseEntityRef: expecting ';' in Entity, line: 5844[D:\wamp64\www\amzcount\vendor\jaeger\phpquery-single\phpQuery.php:328]
[ error ] [2]DOMDocument::loadHTML(): htmlParseEntityRef: expecting ';' in Entity, line: 5844[D:\wamp64\www\amzcount\vendor\jaeger\phpquery-single\phpQuery.php:328]
[ error ] [2]DOMDocument::loadHTML(): htmlParseEntityRef: expecting ';' in Entity, line: 5844[D:\wamp64\www\amzcount\vendor\jaeger\phpquery-single\phpQuery.php:328]
[ error ] [2]DOMDocument::loadHTML(): Unexpected end tag : main in Entity, line: 5846[D:\wamp64\www\amzcount\vendor\jaeger\phpquery-single\phpQuery.php:328]
[ error ] [2]DOMDocument::loadHTML(): Unexpected end tag : div in Entity, line: 5851[D:\wamp64\www\amzcount\vendor\jaeger\phpquery-single\phpQuery.php:328]
[ error ] [2]DOMDocument::loadHTML(): Unexpected end tag : main in Entity, line: 5852[D:\wamp64\www\amzcount\vendor\jaeger\phpquery-single\phpQuery.php:328]
[ error ] [2]DOMDocument::loadHTML(): Tag footer invalid in Entity, line: 5861[D:\wamp64\www\amzcount\vendor\jaeger\phpquery-single\phpQuery.php:328]
[ error ] [2]DOMDocument::loadHTML(): htmlParseEntityRef: expecting ';' in Entity, line: 5885[D:\wamp64\www\amzcount\vendor\jaeger\phpquery-single\phpQuery.php:328]
[ error ] [2]DOMDocument::loadHTML(): Unexpected end tag : div in Entity, line: 5926[D:\wamp64\www\amzcount\vendor\jaeger\phpquery-single\phpQuery.php:328]
[ error ] [2]DOMDocument::loadHTML(): Unexpected end tag : span in Entity, line: 6447[D:\wamp64\www\amzcount\vendor\jaeger\phpquery-single\phpQuery.php:328]
[ error ] [2]DOMDocument::loadHTML(): Unexpected end tag : span in Entity, line: 6447[D:\wamp64\www\amzcount\vendor\jaeger\phpquery-single\phpQuery.php:328]
[ error ] [2]DOMDocument::loadHTML(): Unexpected end tag : span in Entity, line: 6447[D:\wamp64\www\amzcount\vendor\jaeger\phpquery-single\phpQuery.php:328]
[ error ] [2]DOMDocument::loadHTML(): Unexpected end tag : span in Entity, line: 6447[D:\wamp64\www\amzcount\vendor\jaeger\phpquery-single\phpQuery.php:328]
[ error ] [2]DOMDocument::loadHTML(): Unexpected end tag : span in Entity, line: 6447[D:\wamp64\www\amzcount\vendor\jaeger\phpquery-single\phpQuery.php:328]
[ error ] [2]DOMDocument::loadHTML(): Unexpected end tag : p in Entity, line: 6456[D:\wamp64\www\amzcount\vendor\jaeger\phpquery-single\phpQuery.php:328]
[ error ] [2]DOMDocument::loadHTML(): Unexpected end tag : div in Entity, line: 6539[D:\wamp64\www\amzcount\vendor\jaeger\phpquery-single\phpQuery.php:328]
[ error ] [2]DOMDocument::loadHTML(): Unexpected end tag : div in Entity, line: 6540[D:\wamp64\www\amzcount\vendor\jaeger\phpquery-single\phpQuery.php:328]
[ error ] [2]DOMDocument::loadHTML(): Unexpected end tag : div in Entity, line: 6541[D:\wamp64\www\amzcount\vendor\jaeger\phpquery-single\phpQuery.php:328]
[ error ] [2]DOMDocument::loadHTML(): Unexpected end tag : div in Entity, line: 6542[D:\wamp64\www\amzcount\vendor\jaeger\phpquery-single\phpQuery.php:328]
[ error ] [2]DOMDocument::loadHTML(): Unexpected end tag : div in Entity, line: 6543[D:\wamp64\www\amzcount\vendor\jaeger\phpquery-single\phpQuery.php:328]
[ error ] [2]DOMDocument::loadHTML(): Unexpected end tag : div in Entity, line: 6545[D:\wamp64\www\amzcount\vendor\jaeger\phpquery-single\phpQuery.php:328]
